
  .   ____          _            __ _ _
 /\\ / ___'_ __ _ _(_)_ __  __ _ \ \ \ \
( ( )\___ | '_ | '_| | '_ \/ _` | \ \ \ \
 \\/  ___)| |_)| | | | | || (_| |  ) ) ) )
  '  |____| .__|_| |_|_| |_\__, | / / / /
 =========|_|==============|___/=/_/_/_/
 :: Spring Boot ::        (v2.2.2.RELEASE)

2021-11-24 13:00:45,295  INFO (PostProcessorRegistrationDelegate.java:330) - Bean 'org.springframework.transaction.annotation.ProxyTransactionManagementConfiguration' of type [org.springframework.transaction.annotation.ProxyTransactionManagementConfiguration] is not eligible for getting processed by all BeanPostProcessors (for example: not eligible for auto-proxying)
2021-11-24 13:00:49,554  INFO (TomcatWebServer.java:92) - Tomcat initialized with port(s): 8002 (http)
2021-11-24 13:00:49,622  INFO (DirectJDKLog.java:173) - Initializing ProtocolHandler ["http-nio-8002"]
2021-11-24 13:00:49,627  INFO (DirectJDKLog.java:173) - Starting service [Tomcat]
2021-11-24 13:00:49,627  INFO (DirectJDKLog.java:173) - Starting Servlet engine: [Apache Tomcat/9.0.29]
2021-11-24 13:00:50,513  INFO (DirectJDKLog.java:173) - Initializing Spring embedded WebApplicationContext
2021-11-24 13:00:50,514  INFO (ServletWebServerApplicationContext.java:284) - Root WebApplicationContext: initialization completed in 15432 ms
2021-11-24 13:00:58,606  INFO (ExecutorConfigurationSupport.java:171) - Initializing ExecutorService 'applicationTaskExecutor'
2021-11-24 13:00:59,532  INFO (WelcomePageHandlerMapping.java:58) - Adding welcome page template: index
2021-11-24 13:01:02,462  INFO (EndpointLinksResolver.java:58) - Exposing 15 endpoint(s) beneath base path ''
2021-11-24 13:01:02,722  INFO (DirectJDKLog.java:173) - Starting ProtocolHandler ["http-nio-8002"]
2021-11-24 13:01:02,773  INFO (TomcatWebServer.java:204) - Tomcat started on port(s): 8002 (http) with context path '/fusion-message'

  .   ____          _            __ _ _
 /\\ / ___'_ __ _ _(_)_ __  __ _ \ \ \ \
( ( )\___ | '_ | '_| | '_ \/ _` | \ \ \ \
 \\/  ___)| |_)| | | | | || (_| |  ) ) ) )
  '  |____| .__|_| |_|_| |_\__, | / / / /
 =========|_|==============|___/=/_/_/_/
 :: Spring Boot ::        (v2.2.2.RELEASE)

2021-11-24 13:01:34,350  INFO (PostProcessorRegistrationDelegate.java:330) - Bean 'org.springframework.transaction.annotation.ProxyTransactionManagementConfiguration' of type [org.springframework.transaction.annotation.ProxyTransactionManagementConfiguration] is not eligible for getting processed by all BeanPostProcessors (for example: not eligible for auto-proxying)
2021-11-24 13:01:39,412  INFO (TomcatWebServer.java:92) - Tomcat initialized with port(s): 8002 (http)
2021-11-24 13:01:39,509  INFO (DirectJDKLog.java:173) - Initializing ProtocolHandler ["http-nio-8002"]
2021-11-24 13:01:39,550  INFO (DirectJDKLog.java:173) - Starting service [Tomcat]
2021-11-24 13:01:39,550  INFO (DirectJDKLog.java:173) - Starting Servlet engine: [Apache Tomcat/9.0.29]
2021-11-24 13:01:40,156  INFO (DirectJDKLog.java:173) - Initializing Spring embedded WebApplicationContext
2021-11-24 13:01:40,157  INFO (ServletWebServerApplicationContext.java:284) - Root WebApplicationContext: initialization completed in 18690 ms
2021-11-24 13:01:49,092  INFO (ExecutorConfigurationSupport.java:171) - Initializing ExecutorService 'applicationTaskExecutor'
2021-11-24 13:01:49,885  INFO (WelcomePageHandlerMapping.java:58) - Adding welcome page template: index
2021-11-24 13:01:53,112  INFO (EndpointLinksResolver.java:58) - Exposing 15 endpoint(s) beneath base path ''
2021-11-24 13:01:53,531  INFO (DirectJDKLog.java:173) - Starting ProtocolHandler ["http-nio-8002"]
2021-11-24 13:01:53,712  INFO (TomcatWebServer.java:204) - Tomcat started on port(s): 8002 (http) with context path '/fusion-message'
2021-11-24 13:01:58,325  INFO (DirectJDKLog.java:173) - Initializing Spring DispatcherServlet 'dispatcherServlet'
2021-11-24 13:01:58,326  INFO (FrameworkServlet.java:525) - Initializing Servlet 'dispatcherServlet'
2021-11-24 13:01:58,437  INFO (FrameworkServlet.java:547) - Completed initialization in 110 ms
