
  .   ____          _            __ _ _
 /\\ / ___'_ __ _ _(_)_ __  __ _ \ \ \ \
( ( )\___ | '_ | '_| | '_ \/ _` | \ \ \ \
 \\/  ___)| |_)| | | | | || (_| |  ) ) ) )
  '  |____| .__|_| |_|_| |_\__, | / / / /
 =========|_|==============|___/=/_/_/_/
 :: Spring Boot ::        (v2.2.2.RELEASE)

2021-11-24 11:29:14,344  INFO (TomcatWebServer.java:92) - Tomcat initialized with port(s): 8004 (http)
2021-11-24 11:29:14,371  INFO (DirectJDKLog.java:173) - Initializing ProtocolHandler ["http-nio-8004"]
2021-11-24 11:29:14,373  INFO (DirectJDKLog.java:173) - Starting service [Tomcat]
2021-11-24 11:29:14,373  INFO (DirectJDKLog.java:173) - Starting Servlet engine: [Apache Tomcat/9.0.29]
2021-11-24 11:29:14,726  INFO (DirectJDKLog.java:173) - Initializing Spring embedded WebApplicationContext
2021-11-24 11:29:14,727  INFO (ServletWebServerApplicationContext.java:284) - Root WebApplicationContext: initialization completed in 4434 ms
2021-11-24 11:29:17,020  INFO (ExecutorConfigurationSupport.java:171) - Initializing ExecutorService
2021-11-24 11:29:17,021  INFO (ExecutorConfigurationSupport.java:171) - Initializing ExecutorService 'taskExecutor'
2021-11-24 11:29:18,365  INFO (ExecutorConfigurationSupport.java:171) - Initializing ExecutorService 'taskScheduler'
2021-11-24 11:29:18,403  INFO (EndpointLinksResolver.java:58) - Exposing 15 endpoint(s) beneath base path ''
2021-11-24 11:29:18,507  INFO (DirectJDKLog.java:173) - Starting ProtocolHandler ["http-nio-8004"]
2021-11-24 11:29:18,611  INFO (TomcatWebServer.java:204) - Tomcat started on port(s): 8004 (http) with context path '/sweeney'
2021-11-24 11:29:22,017  INFO (DirectJDKLog.java:173) - Initializing Spring DispatcherServlet 'dispatcherServlet'
2021-11-24 11:29:22,018  INFO (FrameworkServlet.java:525) - Initializing Servlet 'dispatcherServlet'
2021-11-24 11:29:22,052  INFO (FrameworkServlet.java:547) - Completed initialization in 34 ms

  .   ____          _            __ _ _
 /\\ / ___'_ __ _ _(_)_ __  __ _ \ \ \ \
( ( )\___ | '_ | '_| | '_ \/ _` | \ \ \ \
 \\/  ___)| |_)| | | | | || (_| |  ) ) ) )
  '  |____| .__|_| |_|_| |_\__, | / / / /
 =========|_|==============|___/=/_/_/_/
 :: Spring Boot ::        (v2.2.2.RELEASE)

2021-11-24 11:38:33,185  INFO (TomcatWebServer.java:92) - Tomcat initialized with port(s): 8004 (http)
2021-11-24 11:38:33,205  INFO (DirectJDKLog.java:173) - Initializing ProtocolHandler ["http-nio-8004"]
2021-11-24 11:38:33,206  INFO (DirectJDKLog.java:173) - Starting service [Tomcat]
2021-11-24 11:38:33,206  INFO (DirectJDKLog.java:173) - Starting Servlet engine: [Apache Tomcat/9.0.29]
2021-11-24 11:38:33,580  INFO (DirectJDKLog.java:173) - Initializing Spring embedded WebApplicationContext
2021-11-24 11:38:33,581  INFO (ServletWebServerApplicationContext.java:284) - Root WebApplicationContext: initialization completed in 5426 ms
2021-11-24 11:38:36,949  INFO (ExecutorConfigurationSupport.java:171) - Initializing ExecutorService
2021-11-24 11:38:36,951  INFO (ExecutorConfigurationSupport.java:171) - Initializing ExecutorService 'taskExecutor'
2021-11-24 11:38:38,312  INFO (ExecutorConfigurationSupport.java:171) - Initializing ExecutorService 'taskScheduler'
2021-11-24 11:38:38,348  INFO (EndpointLinksResolver.java:58) - Exposing 15 endpoint(s) beneath base path ''
2021-11-24 11:38:38,438  INFO (DirectJDKLog.java:173) - Starting ProtocolHandler ["http-nio-8004"]
2021-11-24 11:38:38,595  INFO (TomcatWebServer.java:204) - Tomcat started on port(s): 8004 (http) with context path '/sweeney'
2021-11-24 11:38:52,030  INFO (DirectJDKLog.java:173) - Initializing Spring DispatcherServlet 'dispatcherServlet'
2021-11-24 11:38:52,031  INFO (FrameworkServlet.java:525) - Initializing Servlet 'dispatcherServlet'
2021-11-24 11:38:52,058  INFO (FrameworkServlet.java:547) - Completed initialization in 27 ms
2021-11-24 12:29:08,342  INFO [hashcat-core-0] (HashcatCore.java:167) - init::line = STATUS	3	SPEED	278259885	1000	EXEC_RUNTIME	9.124903	CURKU	0	PROGRESS	761266176	208827064576	RECHASH	0	1	RECSALT	0	1	REJECTED	0	UTIL	-1	 
2021-11-24 12:29:08,375  INFO [hashcat-core-0] (HashcatCore.java:171) - coreStatusDTO={"attempted":"761266176","speedList":["278259885"],"status":"running","total":"208827064576"} 
2021-11-24 12:29:11,355  INFO [hashcat-core-0] (HashcatCore.java:167) - init::line = STATUS	3	SPEED	274999097	1000	EXEC_RUNTIME	9.502991	CURKU	49152	PROGRESS	1584267264	208827064576	RECHASH	0	1	RECSALT	0	1	REJECTED	0	UTIL	-1	 
2021-11-24 12:29:11,356  INFO [hashcat-core-0] (HashcatCore.java:171) - coreStatusDTO={"attempted":"1584267264","speedList":["274999097"],"status":"running","total":"208827064576"} 
2021-11-24 12:29:14,361  INFO [hashcat-core-0] (HashcatCore.java:167) - init::line = STATUS	3	SPEED	265763287	1000	EXEC_RUNTIME	10.702632	CURKU	98304	PROGRESS	2328625152	208827064576	RECHASH	0	1	RECSALT	0	1	REJECTED	0	UTIL	-1	 
2021-11-24 12:29:14,361  INFO [hashcat-core-0] (HashcatCore.java:171) - coreStatusDTO={"attempted":"2328625152","speedList":["265763287"],"status":"running","total":"208827064576"} 
2021-11-24 12:29:17,378  INFO [hashcat-core-0] (HashcatCore.java:167) - init::line = STATUS	3	SPEED	257708374	1000	EXEC_RUNTIME	10.984724	CURKU	147456	PROGRESS	3035234304	208827064576	RECHASH	0	1	RECSALT	0	1	REJECTED	0	UTIL	-1	 
2021-11-24 12:29:17,378  INFO [hashcat-core-0] (HashcatCore.java:171) - coreStatusDTO={"attempted":"3035234304","speedList":["257708374"],"status":"running","total":"208827064576"} 
2021-11-24 12:29:20,383  INFO [hashcat-core-0] (HashcatCore.java:167) - init::line = STATUS	3	SPEED	255797929	1000	EXEC_RUNTIME	10.223179	CURKU	196608	PROGRESS	3779592192	208827064576	RECHASH	0	1	RECSALT	0	1	REJECTED	0	UTIL	-1	 
2021-11-24 12:29:20,383  INFO [hashcat-core-0] (HashcatCore.java:171) - coreStatusDTO={"attempted":"3779592192","speedList":["255797929"],"status":"running","total":"208827064576"} 
2021-11-24 12:29:23,393  INFO [hashcat-core-0] (HashcatCore.java:167) - init::line = STATUS	3	SPEED	248487883	1000	EXEC_RUNTIME	13.132677	CURKU	245760	PROGRESS	4420141056	208827064576	RECHASH	0	1	RECSALT	0	1	REJECTED	0	UTIL	-1	 
2021-11-24 12:29:23,393  INFO [hashcat-core-0] (HashcatCore.java:171) - coreStatusDTO={"attempted":"4420141056","speedList":["248487883"],"status":"running","total":"208827064576"} 

  .   ____          _            __ _ _
 /\\ / ___'_ __ _ _(_)_ __  __ _ \ \ \ \
( ( )\___ | '_ | '_| | '_ \/ _` | \ \ \ \
 \\/  ___)| |_)| | | | | || (_| |  ) ) ) )
  '  |____| .__|_| |_|_| |_\__, | / / / /
 =========|_|==============|___/=/_/_/_/
 :: Spring Boot ::        (v2.2.2.RELEASE)

2021-11-24 12:34:21,012  INFO (TomcatWebServer.java:92) - Tomcat initialized with port(s): 8004 (http)
2021-11-24 12:34:21,037  INFO (DirectJDKLog.java:173) - Initializing ProtocolHandler ["http-nio-8004"]
2021-11-24 12:34:21,038  INFO (DirectJDKLog.java:173) - Starting service [Tomcat]
2021-11-24 12:34:21,039  INFO (DirectJDKLog.java:173) - Starting Servlet engine: [Apache Tomcat/9.0.29]
2021-11-24 12:34:21,308  INFO (DirectJDKLog.java:173) - Initializing Spring embedded WebApplicationContext
2021-11-24 12:34:21,309  INFO (ServletWebServerApplicationContext.java:284) - Root WebApplicationContext: initialization completed in 5683 ms
2021-11-24 12:34:23,440  INFO (ExecutorConfigurationSupport.java:171) - Initializing ExecutorService
2021-11-24 12:34:23,442  INFO (ExecutorConfigurationSupport.java:171) - Initializing ExecutorService 'taskExecutor'
2021-11-24 12:34:25,235  INFO (ExecutorConfigurationSupport.java:171) - Initializing ExecutorService 'taskScheduler'
2021-11-24 12:34:25,322  INFO (EndpointLinksResolver.java:58) - Exposing 15 endpoint(s) beneath base path ''
2021-11-24 12:34:25,539  INFO (DirectJDKLog.java:173) - Starting ProtocolHandler ["http-nio-8004"]
2021-11-24 12:34:25,720  INFO (TomcatWebServer.java:204) - Tomcat started on port(s): 8004 (http) with context path '/sweeney'
2021-11-24 12:34:31,184  INFO (DirectJDKLog.java:173) - Initializing Spring DispatcherServlet 'dispatcherServlet'
2021-11-24 12:34:31,185  INFO (FrameworkServlet.java:525) - Initializing Servlet 'dispatcherServlet'
2021-11-24 12:34:31,230  INFO (FrameworkServlet.java:547) - Completed initialization in 45 ms
2021-11-24 12:34:54,206  INFO [hashcat-core-0] (HashcatCore.java:167) - init::line = STATUS	3	SPEED	133831207	1000	EXEC_RUNTIME	9.309774	CURKU	12288	PROGRESS	366968832	208827064576	RECHASH	0	1	RECSALT	0	1	REJECTED	0	UTIL	-1	 
2021-11-24 12:34:54,216  INFO [hashcat-core-0] (HashcatCore.java:171) - coreStatusDTO={"attempted":"366968832","speedList":["133831207"],"status":"running","total":"208827064576"} 
2021-11-24 12:34:57,222  INFO [hashcat-core-0] (HashcatCore.java:167) - init::line = STATUS	3	SPEED	147483511	1000	EXEC_RUNTIME	5.136729	CURKU	36864	PROGRESS	850821120	208827064576	RECHASH	0	1	RECSALT	0	1	REJECTED	0	UTIL	-1	 
2021-11-24 12:34:57,222  INFO [hashcat-core-0] (HashcatCore.java:171) - coreStatusDTO={"attempted":"850821120","speedList":["147483511"],"status":"running","total":"208827064576"} 
2021-11-24 12:35:00,236  INFO [hashcat-core-0] (HashcatCore.java:167) - init::line = STATUS	3	SPEED	157281416	1000	EXEC_RUNTIME	5.198398	CURKU	73728	PROGRESS	1380777984	208827064576	RECHASH	0	1	RECSALT	0	1	REJECTED	0	UTIL	-1	 
2021-11-24 12:35:00,238  INFO [hashcat-core-0] (HashcatCore.java:171) - coreStatusDTO={"attempted":"1380777984","speedList":["157281416"],"status":"running","total":"208827064576"} 
2021-11-24 12:35:03,265  INFO [hashcat-core-0] (HashcatCore.java:167) - init::line = STATUS	3	SPEED	143050793	1000	EXEC_RUNTIME	5.155951	CURKU	86016	PROGRESS	1681686528	208827064576	RECHASH	0	1	RECSALT	0	1	REJECTED	0	UTIL	-1	 
2021-11-24 12:35:03,268  INFO [hashcat-core-0] (HashcatCore.java:171) - coreStatusDTO={"attempted":"1681686528","speedList":["143050793"],"status":"running","total":"208827064576"} 
2021-11-24 12:35:06,293  INFO [hashcat-core-0] (HashcatCore.java:167) - init::line = STATUS	3	SPEED	128082860	1000	EXEC_RUNTIME	5.219090	CURKU	98304	PROGRESS	1896087552	208827064576	RECHASH	0	1	RECSALT	0	1	REJECTED	0	UTIL	-1	 
2021-11-24 12:35:06,294  INFO [hashcat-core-0] (HashcatCore.java:171) - coreStatusDTO={"attempted":"1896087552","speedList":["128082860"],"status":"running","total":"208827064576"} 
2021-11-24 12:35:09,307  INFO [hashcat-core-0] (HashcatCore.java:167) - init::line = STATUS	3	SPEED	117193583	1000	EXEC_RUNTIME	5.437861	CURKU	110592	PROGRESS	2091614208	208827064576	RECHASH	0	1	RECSALT	0	1	REJECTED	0	UTIL	-1	 
2021-11-24 12:35:09,308  INFO [hashcat-core-0] (HashcatCore.java:171) - coreStatusDTO={"attempted":"2091614208","speedList":["117193583"],"status":"running","total":"208827064576"} 
2021-11-24 12:35:12,335  INFO [hashcat-core-0] (HashcatCore.java:167) - init::line = STATUS	3	SPEED	110978631	1000	EXEC_RUNTIME	5.722664	CURKU	122880	PROGRESS	2315452416	208827064576	RECHASH	0	1	RECSALT	0	1	REJECTED	0	UTIL	-1	 
2021-11-24 12:35:12,337  INFO [hashcat-core-0] (HashcatCore.java:171) - coreStatusDTO={"attempted":"2315452416","speedList":["110978631"],"status":"running","total":"208827064576"} 
2021-11-24 12:35:15,357  INFO [hashcat-core-0] (HashcatCore.java:167) - init::line = STATUS	3	SPEED	104206815	1000	EXEC_RUNTIME	5.561146	CURKU	135168	PROGRESS	2487386112	208827064576	RECHASH	0	1	RECSALT	0	1	REJECTED	0	UTIL	-1	 
2021-11-24 12:35:15,358  INFO [hashcat-core-0] (HashcatCore.java:171) - coreStatusDTO={"attempted":"2487386112","speedList":["104206815"],"status":"running","total":"208827064576"} 
2021-11-24 12:35:18,372  INFO [hashcat-core-0] (HashcatCore.java:167) - init::line = STATUS	3	SPEED	98403539	1000	EXEC_RUNTIME	5.459784	CURKU	147456	PROGRESS	2646736896	208827064576	RECHASH	0	1	RECSALT	0	1	REJECTED	0	UTIL	-1	 
2021-11-24 12:35:18,380  INFO [hashcat-core-0] (HashcatCore.java:171) - coreStatusDTO={"attempted":"2646736896","speedList":["98403539"],"status":"running","total":"208827064576"} 
2021-11-24 12:35:21,380  INFO [hashcat-core-0] (HashcatCore.java:167) - init::line = STATUS	3	SPEED	95895695	1000	EXEC_RUNTIME	5.517897	CURKU	159744	PROGRESS	2869002240	208827064576	RECHASH	0	1	RECSALT	0	1	REJECTED	0	UTIL	-1	 
2021-11-24 12:35:21,381  INFO [hashcat-core-0] (HashcatCore.java:171) - coreStatusDTO={"attempted":"2869002240","speedList":["95895695"],"status":"running","total":"208827064576"} 
2021-11-24 12:35:24,385  INFO [hashcat-core-0] (HashcatCore.java:167) - init::line = STATUS	3	SPEED	102476873	1000	EXEC_RUNTIME	5.352709	CURKU	184320	PROGRESS	3374874624	208827064576	RECHASH	0	1	RECSALT	0	1	REJECTED	0	UTIL	-1	 
2021-11-24 12:35:24,386  INFO [hashcat-core-0] (HashcatCore.java:171) - coreStatusDTO={"attempted":"3374874624","speedList":["102476873"],"status":"running","total":"208827064576"} 
2021-11-24 12:35:27,409  INFO [hashcat-core-0] (HashcatCore.java:167) - init::line = STATUS	3	SPEED	103231082	1000	EXEC_RUNTIME	5.583081	CURKU	208896	PROGRESS	3709304832	208827064576	RECHASH	0	1	RECSALT	0	1	REJECTED	0	UTIL	-1	 
2021-11-24 12:35:27,411  INFO [hashcat-core-0] (HashcatCore.java:171) - coreStatusDTO={"attempted":"3709304832","speedList":["103231082"],"status":"running","total":"208827064576"} 
2021-11-24 12:35:30,417  INFO [hashcat-core-0] (HashcatCore.java:167) - init::line = STATUS	3	SPEED	104642089	1000	EXEC_RUNTIME	5.514954	CURKU	221184	PROGRESS	4076273664	208827064576	RECHASH	0	1	RECSALT	0	1	REJECTED	0	UTIL	-1	 
2021-11-24 12:35:30,418  INFO [hashcat-core-0] (HashcatCore.java:171) - coreStatusDTO={"attempted":"4076273664","speedList":["104642089"],"status":"running","total":"208827064576"} 
2021-11-24 12:35:33,435  INFO [hashcat-core-0] (HashcatCore.java:167) - init::line = STATUS	3	SPEED	107699183	1000	EXEC_RUNTIME	5.645286	CURKU	245760	PROGRESS	4520804352	208827064576	RECHASH	0	1	RECSALT	0	1	REJECTED	0	UTIL	-1	 
2021-11-24 12:35:33,439  INFO [hashcat-core-0] (HashcatCore.java:171) - coreStatusDTO={"attempted":"4520804352","speedList":["107699183"],"status":"running","total":"208827064576"} 
2021-11-24 12:35:36,450  INFO [hashcat-core-0] (HashcatCore.java:167) - init::line = STATUS	3	SPEED	105801350	1000	EXEC_RUNTIME	5.566719	CURKU	270336	PROGRESS	4760862720	208827064576	RECHASH	0	1	RECSALT	0	1	REJECTED	0	UTIL	-1	 
2021-11-24 12:35:36,450  INFO [hashcat-core-0] (HashcatCore.java:171) - coreStatusDTO={"attempted":"4760862720","speedList":["105801350"],"status":"running","total":"208827064576"} 
2021-11-24 12:35:39,464  INFO [hashcat-core-0] (HashcatCore.java:167) - init::line = STATUS	3	SPEED	105926972	1000	EXEC_RUNTIME	5.434405	CURKU	282624	PROGRESS	5083791360	208827064576	RECHASH	0	1	RECSALT	0	1	REJECTED	0	UTIL	-1	 
2021-11-24 12:35:39,465  INFO [hashcat-core-0] (HashcatCore.java:171) - coreStatusDTO={"attempted":"5083791360","speedList":["105926972"],"status":"running","total":"208827064576"} 
2021-11-24 12:35:42,481  INFO [hashcat-core-0] (HashcatCore.java:167) - init::line = STATUS	3	SPEED	104171751	1000	EXEC_RUNTIME	5.476420	CURKU	294912	PROGRESS	5315493888	208827064576	RECHASH	0	1	RECSALT	0	1	REJECTED	0	UTIL	-1	 
2021-11-24 12:35:42,482  INFO [hashcat-core-0] (HashcatCore.java:171) - coreStatusDTO={"attempted":"5315493888","speedList":["104171751"],"status":"running","total":"208827064576"} 
2021-11-24 12:35:45,499  INFO [hashcat-core-0] (HashcatCore.java:167) - init::line = STATUS	3	SPEED	101620114	1000	EXEC_RUNTIME	5.533252	CURKU	307200	PROGRESS	5490573312	208827064576	RECHASH	0	1	RECSALT	0	1	REJECTED	0	UTIL	-1	 
2021-11-24 12:35:45,500  INFO [hashcat-core-0] (HashcatCore.java:171) - coreStatusDTO={"attempted":"5490573312","speedList":["101620114"],"status":"running","total":"208827064576"} 
2021-11-24 12:35:48,511  INFO [hashcat-core-0] (HashcatCore.java:167) - init::line = STATUS	3	SPEED	101616106	1000	EXEC_RUNTIME	5.422053	CURKU	319488	PROGRESS	5797773312	208827064576	RECHASH	0	1	RECSALT	0	1	REJECTED	0	UTIL	-1	 
2021-11-24 12:35:48,512  INFO [hashcat-core-0] (HashcatCore.java:171) - coreStatusDTO={"attempted":"5797773312","speedList":["101616106"],"status":"running","total":"208827064576"} 
2021-11-24 12:35:51,525  INFO [hashcat-core-0] (HashcatCore.java:167) - init::line = STATUS	3	SPEED	103492803	1000	EXEC_RUNTIME	5.555839	CURKU	344064	PROGRESS	6213992448	208827064576	RECHASH	0	1	RECSALT	0	1	REJECTED	0	UTIL	-1	 
2021-11-24 12:35:51,526  INFO [hashcat-core-0] (HashcatCore.java:171) - coreStatusDTO={"attempted":"6213992448","speedList":["103492803"],"status":"running","total":"208827064576"} 
2021-11-24 12:35:54,549  INFO [hashcat-core-0] (HashcatCore.java:167) - init::line = STATUS	3	SPEED	101558411	1000	EXEC_RUNTIME	5.635579	CURKU	356352	PROGRESS	6404800512	208827064576	RECHASH	0	1	RECSALT	0	1	REJECTED	0	UTIL	-1	 
2021-11-24 12:35:54,552  INFO [hashcat-core-0] (HashcatCore.java:171) - coreStatusDTO={"attempted":"6404800512","speedList":["101558411"],"status":"running","total":"208827064576"} 
2021-11-24 12:35:57,556  INFO [hashcat-core-0] (HashcatCore.java:167) - init::line = STATUS	3	SPEED	66890902	1000	EXEC_RUNTIME	5.379228	CURKU	368640	PROGRESS	6600327168	208827064576	RECHASH	0	1	RECSALT	0	1	REJECTED	0	UTIL	-1	 
2021-11-24 12:35:57,557  INFO [hashcat-core-0] (HashcatCore.java:171) - coreStatusDTO={"attempted":"6600327168","speedList":["66890902"],"status":"running","total":"208827064576"} 
2021-11-24 12:36:00,575  INFO [hashcat-core-0] (HashcatCore.java:167) - init::line = STATUS	3	SPEED	75949696	1000	EXEC_RUNTIME	5.692193	CURKU	380928	PROGRESS	6854049792	208827064576	RECHASH	0	1	RECSALT	0	1	REJECTED	0	UTIL	-1	 
2021-11-24 12:36:00,578  INFO [hashcat-core-0] (HashcatCore.java:171) - coreStatusDTO={"attempted":"6854049792","speedList":["75949696"],"status":"running","total":"208827064576"} 
2021-11-24 12:36:03,591  INFO [hashcat-core-0] (HashcatCore.java:167) - init::line = STATUS	3	SPEED	74484895	1000	EXEC_RUNTIME	5.494215	CURKU	393216	PROGRESS	7071596544	208827064576	RECHASH	0	1	RECSALT	0	1	REJECTED	0	UTIL	-1	 
2021-11-24 12:36:03,592  INFO [hashcat-core-0] (HashcatCore.java:171) - coreStatusDTO={"attempted":"7071596544","speedList":["74484895"],"status":"running","total":"208827064576"} 
2021-11-24 12:36:06,612  INFO [hashcat-core-0] (HashcatCore.java:167) - init::line = STATUS	3	SPEED	75779725	1000	EXEC_RUNTIME	5.531263	CURKU	405504	PROGRESS	7308017664	208827064576	RECHASH	0	1	RECSALT	0	1	REJECTED	0	UTIL	-1	 
2021-11-24 12:36:06,613  INFO [hashcat-core-0] (HashcatCore.java:171) - coreStatusDTO={"attempted":"7308017664","speedList":["75779725"],"status":"running","total":"208827064576"} 
2021-11-24 12:36:09,617  INFO [hashcat-core-0] (HashcatCore.java:167) - init::line = STATUS	3	SPEED	89211229	1000	EXEC_RUNTIME	5.379241	CURKU	430080	PROGRESS	7739965440	208827064576	RECHASH	0	1	RECSALT	0	1	REJECTED	0	UTIL	-1	 
2021-11-24 12:36:09,618  INFO [hashcat-core-0] (HashcatCore.java:171) - coreStatusDTO={"attempted":"7739965440","speedList":["89211229"],"status":"running","total":"208827064576"} 
2021-11-24 12:36:12,641  INFO [hashcat-core-0] (HashcatCore.java:167) - init::line = STATUS	3	SPEED	97344072	1000	EXEC_RUNTIME	5.100255	CURKU	454656	PROGRESS	8153038848	208827064576	RECHASH	0	1	RECSALT	0	1	REJECTED	0	UTIL	-1	 
2021-11-24 12:36:12,642  INFO [hashcat-core-0] (HashcatCore.java:171) - coreStatusDTO={"attempted":"8153038848","speedList":["97344072"],"status":"running","total":"208827064576"} 
2021-11-24 12:36:15,100  INFO [hashcat-core-0] (HashcatCore.java:167) - init::line = 22691aaa0d954f34614df234b55a7a55:loveluna 
2021-11-24 12:36:15,100  INFO [hashcat-core-0] (HashcatCore.java:167) - init::line = STATUS	6	SPEED	111010917	1000	EXEC_RUNTIME	4.828416	CURKU	491520	PROGRESS	8673558528	208827064576	RECHASH	1	1	RECSALT	1	1	REJECTED	0	UTIL	-1	 
2021-11-24 12:36:15,101  INFO [hashcat-core-0] (HashcatCore.java:171) - coreStatusDTO={"attempted":"8673558528","speedList":["111010917"],"status":"cracked","total":"208827064576"} 

  .   ____          _            __ _ _
 /\\ / ___'_ __ _ _(_)_ __  __ _ \ \ \ \
( ( )\___ | '_ | '_| | '_ \/ _` | \ \ \ \
 \\/  ___)| |_)| | | | | || (_| |  ) ) ) )
  '  |____| .__|_| |_|_| |_\__, | / / / /
 =========|_|==============|___/=/_/_/_/
 :: Spring Boot ::        (v2.2.2.RELEASE)

2021-11-24 12:58:54,097  INFO (TomcatWebServer.java:92) - Tomcat initialized with port(s): 8004 (http)
2021-11-24 12:58:54,586  INFO (DirectJDKLog.java:173) - Initializing ProtocolHandler ["http-nio-8004"]
2021-11-24 12:58:54,588  INFO (DirectJDKLog.java:173) - Starting service [Tomcat]
2021-11-24 12:58:54,590  INFO (DirectJDKLog.java:173) - Starting Servlet engine: [Apache Tomcat/9.0.29]
2021-11-24 12:58:54,915  INFO (DirectJDKLog.java:173) - Initializing Spring embedded WebApplicationContext
2021-11-24 12:58:54,916  INFO (ServletWebServerApplicationContext.java:284) - Root WebApplicationContext: initialization completed in 9410 ms
2021-11-24 12:59:00,181  INFO (ExecutorConfigurationSupport.java:171) - Initializing ExecutorService
2021-11-24 12:59:00,189  INFO (ExecutorConfigurationSupport.java:171) - Initializing ExecutorService 'taskExecutor'
2021-11-24 12:59:04,247  INFO (ExecutorConfigurationSupport.java:171) - Initializing ExecutorService 'taskScheduler'
2021-11-24 12:59:04,351  INFO (EndpointLinksResolver.java:58) - Exposing 15 endpoint(s) beneath base path ''
2021-11-24 12:59:04,730  INFO (DirectJDKLog.java:173) - Starting ProtocolHandler ["http-nio-8004"]
2021-11-24 12:59:04,984  INFO (TomcatWebServer.java:204) - Tomcat started on port(s): 8004 (http) with context path '/sweeney'
2021-11-24 12:59:10,123  INFO (DirectJDKLog.java:173) - Initializing Spring DispatcherServlet 'dispatcherServlet'
2021-11-24 12:59:10,124  INFO (FrameworkServlet.java:525) - Initializing Servlet 'dispatcherServlet'
2021-11-24 12:59:10,150  INFO (FrameworkServlet.java:547) - Completed initialization in 26 ms

  .   ____          _            __ _ _
 /\\ / ___'_ __ _ _(_)_ __  __ _ \ \ \ \
( ( )\___ | '_ | '_| | '_ \/ _` | \ \ \ \
 \\/  ___)| |_)| | | | | || (_| |  ) ) ) )
  '  |____| .__|_| |_|_| |_\__, | / / / /
 =========|_|==============|___/=/_/_/_/
 :: Spring Boot ::        (v2.2.2.RELEASE)

2021-11-24 13:00:51,120  INFO (TomcatWebServer.java:92) - Tomcat initialized with port(s): 8004 (http)
2021-11-24 13:00:51,805  INFO (DirectJDKLog.java:173) - Initializing ProtocolHandler ["http-nio-8004"]
2021-11-24 13:00:51,807  INFO (DirectJDKLog.java:173) - Starting service [Tomcat]
2021-11-24 13:00:51,808  INFO (DirectJDKLog.java:173) - Starting Servlet engine: [Apache Tomcat/9.0.29]
2021-11-24 13:00:52,324  INFO (DirectJDKLog.java:173) - Initializing Spring embedded WebApplicationContext
2021-11-24 13:00:52,324  INFO (ServletWebServerApplicationContext.java:284) - Root WebApplicationContext: initialization completed in 16289 ms
2021-11-24 13:01:00,161  INFO (ExecutorConfigurationSupport.java:171) - Initializing ExecutorService
2021-11-24 13:01:00,169  INFO (ExecutorConfigurationSupport.java:171) - Initializing ExecutorService 'taskExecutor'
2021-11-24 13:01:03,846  INFO (ExecutorConfigurationSupport.java:171) - Initializing ExecutorService 'taskScheduler'
2021-11-24 13:01:03,912  INFO (EndpointLinksResolver.java:58) - Exposing 15 endpoint(s) beneath base path ''
2021-11-24 13:01:04,051  INFO (DirectJDKLog.java:173) - Starting ProtocolHandler ["http-nio-8004"]
2021-11-24 13:01:04,233  INFO (TomcatWebServer.java:204) - Tomcat started on port(s): 8004 (http) with context path '/sweeney'

  .   ____          _            __ _ _
 /\\ / ___'_ __ _ _(_)_ __  __ _ \ \ \ \
( ( )\___ | '_ | '_| | '_ \/ _` | \ \ \ \
 \\/  ___)| |_)| | | | | || (_| |  ) ) ) )
  '  |____| .__|_| |_|_| |_\__, | / / / /
 =========|_|==============|___/=/_/_/_/
 :: Spring Boot ::        (v2.2.2.RELEASE)

2021-11-24 13:01:38,138  INFO (TomcatWebServer.java:92) - Tomcat initialized with port(s): 8004 (http)
2021-11-24 13:01:38,472  INFO (DirectJDKLog.java:173) - Initializing ProtocolHandler ["http-nio-8004"]
2021-11-24 13:01:38,473  INFO (DirectJDKLog.java:173) - Starting service [Tomcat]
2021-11-24 13:01:38,475  INFO (DirectJDKLog.java:173) - Starting Servlet engine: [Apache Tomcat/9.0.29]
2021-11-24 13:01:39,029  INFO (DirectJDKLog.java:173) - Initializing Spring embedded WebApplicationContext
2021-11-24 13:01:39,030  INFO (ServletWebServerApplicationContext.java:284) - Root WebApplicationContext: initialization completed in 16889 ms
2021-11-24 13:01:46,955  INFO (ExecutorConfigurationSupport.java:171) - Initializing ExecutorService
2021-11-24 13:01:46,960  INFO (ExecutorConfigurationSupport.java:171) - Initializing ExecutorService 'taskExecutor'
2021-11-24 13:01:51,869  INFO (ExecutorConfigurationSupport.java:171) - Initializing ExecutorService 'taskScheduler'
2021-11-24 13:01:52,254  INFO (EndpointLinksResolver.java:58) - Exposing 15 endpoint(s) beneath base path ''
2021-11-24 13:01:52,846  INFO (DirectJDKLog.java:173) - Starting ProtocolHandler ["http-nio-8004"]
2021-11-24 13:01:53,129  INFO (TomcatWebServer.java:204) - Tomcat started on port(s): 8004 (http) with context path '/sweeney'
2021-11-24 13:01:55,347  INFO (DirectJDKLog.java:173) - Initializing Spring DispatcherServlet 'dispatcherServlet'
2021-11-24 13:01:55,349  INFO (FrameworkServlet.java:525) - Initializing Servlet 'dispatcherServlet'
2021-11-24 13:01:55,651  INFO (FrameworkServlet.java:547) - Completed initialization in 152 ms
