
  .   ____          _            __ _ _
 /\\ / ___'_ __ _ _(_)_ __  __ _ \ \ \ \
( ( )\___ | '_ | '_| | '_ \/ _` | \ \ \ \
 \\/  ___)| |_)| | | | | || (_| |  ) ) ) )
  '  |____| .__|_| |_|_| |_\__, | / / / /
 =========|_|==============|___/=/_/_/_/
 :: Spring Boot ::        (v2.2.2.RELEASE)

2021-11-24 12:22:07,075  INFO (PostProcessorRegistrationDelegate.java:330) - Bean 'org.springframework.transaction.annotation.ProxyTransactionManagementConfiguration' of type [org.springframework.transaction.annotation.ProxyTransactionManagementConfiguration] is not eligible for getting processed by all BeanPostProcessors (for example: not eligible for auto-proxying)
2021-11-24 12:22:10,870  INFO (TomcatWebServer.java:92) - Tomcat initialized with port(s): 8003 (http)
2021-11-24 12:22:10,928  INFO (DirectJDKLog.java:173) - Initializing ProtocolHandler ["http-nio-8003"]
2021-11-24 12:22:10,929  INFO (DirectJDKLog.java:173) - Starting service [Tomcat]
2021-11-24 12:22:10,930  INFO (DirectJDKLog.java:173) - Starting Servlet engine: [Apache Tomcat/9.0.29]
2021-11-24 12:22:11,324  INFO (DirectJDKLog.java:173) - Initializing Spring embedded WebApplicationContext
2021-11-24 12:22:11,325  INFO (ServletWebServerApplicationContext.java:284) - Root WebApplicationContext: initialization completed in 12346 ms
2021-11-24 12:22:15,667  INFO (OshiUtils.java:94) - init oshiHardwareDTO success, oshiHardwareDTO=OshiHardwareDTO{hostName='Shylie.local', manufacturer='Apple Inc.', model='MacBookPro12,1', serialNumber='C17QD861FVH5', firmwareDTO=FirmwareDTO{manufacturer='Apple Inc.', name='boot.efi', description='EFI64', version='428.40.10.0.0'}, motherboardDTO=MotherboardDTO{manufacturer='Apple Inc.', model='Mac-E43C1C25D4880AD6', version='1.0', serialNumber='C17QD861FVH5'}, macAddressSet=[ac:bc:32:9a:b7:e5, 1a:ec:09:92:57:0d], processor=ProcessorDTO{name='Intel(R) Core(TM) i5-5257U CPU @ 2.70GHz
 1 physical CPU package(s)
 2 physical CPU core(s)
 4 logical CPU(s)
Identifier: Intel64 Family 6 Model 61 Stepping 4
ProcessorID: bfebfbff000306d4
Microarchitecture: Broadwell (Client)', processorId='bfebfbff000306d4', physicalPackageCount=1, physicalProcessorCount=2, logicalProcessorCount=4, nice='null', system='null', user='null', wait='null', idle='null'}, memory=null, jvm=null, sysFiles=null, systemInfoDTO=null}
2021-11-24 12:22:18,196  INFO (HikariDataSource.java:110) - HikariPool-1 - Starting...
2021-11-24 12:22:19,652  INFO (HikariDataSource.java:123) - HikariPool-1 - Start completed.
2021-11-24 12:22:27,307  INFO (ExecutorConfigurationSupport.java:171) - Initializing ExecutorService
2021-11-24 12:22:27,309  INFO (ExecutorConfigurationSupport.java:171) - Initializing ExecutorService 'taskExecutor'
2021-11-24 12:22:28,382  INFO (WelcomePageHandlerMapping.java:58) - Adding welcome page template: index
2021-11-24 12:22:29,725  INFO (ExecutorConfigurationSupport.java:171) - Initializing ExecutorService 'taskScheduler'
2021-11-24 12:22:29,809  INFO (EndpointLinksResolver.java:58) - Exposing 15 endpoint(s) beneath base path ''
2021-11-24 12:22:29,922  INFO (DirectJDKLog.java:173) - Starting ProtocolHandler ["http-nio-8003"]
2021-11-24 12:22:29,992  INFO (TomcatWebServer.java:204) - Tomcat started on port(s): 8003 (http) with context path '/wednesday'
2021-11-24 12:22:30,999  INFO (DirectJDKLog.java:173) - Initializing Spring DispatcherServlet 'dispatcherServlet'
2021-11-24 12:22:31,000  INFO (FrameworkServlet.java:525) - Initializing Servlet 'dispatcherServlet'
2021-11-24 12:22:31,025  INFO (FrameworkServlet.java:547) - Completed initialization in 25 ms

  .   ____          _            __ _ _
 /\\ / ___'_ __ _ _(_)_ __  __ _ \ \ \ \
( ( )\___ | '_ | '_| | '_ \/ _` | \ \ \ \
 \\/  ___)| |_)| | | | | || (_| |  ) ) ) )
  '  |____| .__|_| |_|_| |_\__, | / / / /
 =========|_|==============|___/=/_/_/_/
 :: Spring Boot ::        (v2.2.2.RELEASE)

2021-11-24 12:32:47,301  INFO (PostProcessorRegistrationDelegate.java:330) - Bean 'org.springframework.transaction.annotation.ProxyTransactionManagementConfiguration' of type [org.springframework.transaction.annotation.ProxyTransactionManagementConfiguration] is not eligible for getting processed by all BeanPostProcessors (for example: not eligible for auto-proxying)
2021-11-24 12:32:48,700  INFO (TomcatWebServer.java:92) - Tomcat initialized with port(s): 8003 (http)
2021-11-24 12:32:48,734  INFO (DirectJDKLog.java:173) - Initializing ProtocolHandler ["http-nio-8003"]
2021-11-24 12:32:48,735  INFO (DirectJDKLog.java:173) - Starting service [Tomcat]
2021-11-24 12:32:48,735  INFO (DirectJDKLog.java:173) - Starting Servlet engine: [Apache Tomcat/9.0.29]
2021-11-24 12:32:48,881  INFO (DirectJDKLog.java:173) - Initializing Spring embedded WebApplicationContext
2021-11-24 12:32:48,882  INFO (ServletWebServerApplicationContext.java:284) - Root WebApplicationContext: initialization completed in 4861 ms
2021-11-24 12:32:51,309  INFO (OshiUtils.java:94) - init oshiHardwareDTO success, oshiHardwareDTO=OshiHardwareDTO{hostName='Shylie.local', manufacturer='Apple Inc.', model='MacBookPro12,1', serialNumber='C17QD861FVH5', firmwareDTO=FirmwareDTO{manufacturer='Apple Inc.', name='boot.efi', description='EFI64', version='428.40.10.0.0'}, motherboardDTO=MotherboardDTO{manufacturer='Apple Inc.', model='Mac-E43C1C25D4880AD6', version='1.0', serialNumber='C17QD861FVH5'}, macAddressSet=[ac:bc:32:9a:b7:e5, 1a:ec:09:92:57:0d], processor=ProcessorDTO{name='Intel(R) Core(TM) i5-5257U CPU @ 2.70GHz
 1 physical CPU package(s)
 2 physical CPU core(s)
 4 logical CPU(s)
Identifier: Intel64 Family 6 Model 61 Stepping 4
ProcessorID: bfebfbff000306d4
Microarchitecture: Broadwell (Client)', processorId='bfebfbff000306d4', physicalPackageCount=1, physicalProcessorCount=2, logicalProcessorCount=4, nice='null', system='null', user='null', wait='null', idle='null'}, memory=null, jvm=null, sysFiles=null, systemInfoDTO=null}
2021-11-24 12:32:52,392  INFO (HikariDataSource.java:110) - HikariPool-1 - Starting...

  .   ____          _            __ _ _
 /\\ / ___'_ __ _ _(_)_ __  __ _ \ \ \ \
( ( )\___ | '_ | '_| | '_ \/ _` | \ \ \ \
 \\/  ___)| |_)| | | | | || (_| |  ) ) ) )
  '  |____| .__|_| |_|_| |_\__, | / / / /
 =========|_|==============|___/=/_/_/_/
 :: Spring Boot ::        (v2.2.2.RELEASE)

2021-11-24 12:34:07,079  INFO (PostProcessorRegistrationDelegate.java:330) - Bean 'org.springframework.transaction.annotation.ProxyTransactionManagementConfiguration' of type [org.springframework.transaction.annotation.ProxyTransactionManagementConfiguration] is not eligible for getting processed by all BeanPostProcessors (for example: not eligible for auto-proxying)
2021-11-24 12:34:08,399  INFO (TomcatWebServer.java:92) - Tomcat initialized with port(s): 8003 (http)
2021-11-24 12:34:08,429  INFO (DirectJDKLog.java:173) - Initializing ProtocolHandler ["http-nio-8003"]
2021-11-24 12:34:08,430  INFO (DirectJDKLog.java:173) - Starting service [Tomcat]
2021-11-24 12:34:08,430  INFO (DirectJDKLog.java:173) - Starting Servlet engine: [Apache Tomcat/9.0.29]
2021-11-24 12:34:08,563  INFO (DirectJDKLog.java:173) - Initializing Spring embedded WebApplicationContext
2021-11-24 12:34:08,564  INFO (ServletWebServerApplicationContext.java:284) - Root WebApplicationContext: initialization completed in 4774 ms
2021-11-24 12:34:10,548  INFO (OshiUtils.java:94) - init oshiHardwareDTO success, oshiHardwareDTO=OshiHardwareDTO{hostName='Shylie.local', manufacturer='Apple Inc.', model='MacBookPro12,1', serialNumber='C17QD861FVH5', firmwareDTO=FirmwareDTO{manufacturer='Apple Inc.', name='boot.efi', description='EFI64', version='428.40.10.0.0'}, motherboardDTO=MotherboardDTO{manufacturer='Apple Inc.', model='Mac-E43C1C25D4880AD6', version='1.0', serialNumber='C17QD861FVH5'}, macAddressSet=[ac:bc:32:9a:b7:e5, 1a:ec:09:92:57:0d], processor=ProcessorDTO{name='Intel(R) Core(TM) i5-5257U CPU @ 2.70GHz
 1 physical CPU package(s)
 2 physical CPU core(s)
 4 logical CPU(s)
Identifier: Intel64 Family 6 Model 61 Stepping 4
ProcessorID: bfebfbff000306d4
Microarchitecture: Broadwell (Client)', processorId='bfebfbff000306d4', physicalPackageCount=1, physicalProcessorCount=2, logicalProcessorCount=4, nice='null', system='null', user='null', wait='null', idle='null'}, memory=null, jvm=null, sysFiles=null, systemInfoDTO=null}
2021-11-24 12:34:12,252  INFO (HikariDataSource.java:110) - HikariPool-1 - Starting...
2021-11-24 12:34:13,013  INFO (HikariDataSource.java:123) - HikariPool-1 - Start completed.
2021-11-24 12:34:24,433  INFO (ExecutorConfigurationSupport.java:171) - Initializing ExecutorService
2021-11-24 12:34:24,435  INFO (ExecutorConfigurationSupport.java:171) - Initializing ExecutorService 'taskExecutor'
2021-11-24 12:34:25,954  INFO (WelcomePageHandlerMapping.java:58) - Adding welcome page template: index
2021-11-24 12:34:27,625  INFO (ExecutorConfigurationSupport.java:171) - Initializing ExecutorService 'taskScheduler'
2021-11-24 12:34:27,797  INFO (EndpointLinksResolver.java:58) - Exposing 15 endpoint(s) beneath base path ''
2021-11-24 12:34:28,086  INFO (DirectJDKLog.java:173) - Starting ProtocolHandler ["http-nio-8003"]
2021-11-24 12:34:28,212  INFO (TomcatWebServer.java:204) - Tomcat started on port(s): 8003 (http) with context path '/wednesday'
2021-11-24 12:34:28,699  INFO (DirectJDKLog.java:173) - Initializing Spring DispatcherServlet 'dispatcherServlet'
2021-11-24 12:34:28,700  INFO (FrameworkServlet.java:525) - Initializing Servlet 'dispatcherServlet'
2021-11-24 12:34:28,730  INFO (FrameworkServlet.java:547) - Completed initialization in 27 ms

  .   ____          _            __ _ _
 /\\ / ___'_ __ _ _(_)_ __  __ _ \ \ \ \
( ( )\___ | '_ | '_| | '_ \/ _` | \ \ \ \
 \\/  ___)| |_)| | | | | || (_| |  ) ) ) )
  '  |____| .__|_| |_|_| |_\__, | / / / /
 =========|_|==============|___/=/_/_/_/
 :: Spring Boot ::        (v2.2.2.RELEASE)

2021-11-24 13:01:34,342  INFO (PostProcessorRegistrationDelegate.java:330) - Bean 'org.springframework.transaction.annotation.ProxyTransactionManagementConfiguration' of type [org.springframework.transaction.annotation.ProxyTransactionManagementConfiguration] is not eligible for getting processed by all BeanPostProcessors (for example: not eligible for auto-proxying)
2021-11-24 13:01:38,635  INFO (TomcatWebServer.java:92) - Tomcat initialized with port(s): 8003 (http)
2021-11-24 13:01:38,674  INFO (DirectJDKLog.java:173) - Initializing ProtocolHandler ["http-nio-8003"]
2021-11-24 13:01:38,677  INFO (DirectJDKLog.java:173) - Starting service [Tomcat]
2021-11-24 13:01:38,678  INFO (DirectJDKLog.java:173) - Starting Servlet engine: [Apache Tomcat/9.0.29]
2021-11-24 13:01:39,317  INFO (DirectJDKLog.java:173) - Initializing Spring embedded WebApplicationContext
2021-11-24 13:01:39,412  INFO (ServletWebServerApplicationContext.java:284) - Root WebApplicationContext: initialization completed in 17080 ms
2021-11-24 13:01:47,427  INFO (OshiUtils.java:94) - init oshiHardwareDTO success, oshiHardwareDTO=OshiHardwareDTO{hostName='Shylie.local', manufacturer='Apple Inc.', model='MacBookPro12,1', serialNumber='C17QD861FVH5', firmwareDTO=FirmwareDTO{manufacturer='Apple Inc.', name='boot.efi', description='EFI64', version='428.40.10.0.0'}, motherboardDTO=MotherboardDTO{manufacturer='Apple Inc.', model='Mac-E43C1C25D4880AD6', version='1.0', serialNumber='C17QD861FVH5'}, macAddressSet=[ac:bc:32:9a:b7:e5, 1a:ec:09:92:57:0d], processor=ProcessorDTO{name='Intel(R) Core(TM) i5-5257U CPU @ 2.70GHz
 1 physical CPU package(s)
 2 physical CPU core(s)
 4 logical CPU(s)
Identifier: Intel64 Family 6 Model 61 Stepping 4
ProcessorID: bfebfbff000306d4
Microarchitecture: Broadwell (Client)', processorId='bfebfbff000306d4', physicalPackageCount=1, physicalProcessorCount=2, logicalProcessorCount=4, nice='null', system='null', user='null', wait='null', idle='null'}, memory=null, jvm=null, sysFiles=null, systemInfoDTO=null}
2021-11-24 13:01:50,854  INFO (HikariDataSource.java:110) - HikariPool-1 - Starting...
2021-11-24 13:01:52,717  INFO (HikariDataSource.java:123) - HikariPool-1 - Start completed.
2021-11-24 13:02:06,138  INFO (ExecutorConfigurationSupport.java:171) - Initializing ExecutorService
2021-11-24 13:02:06,144  INFO (ExecutorConfigurationSupport.java:171) - Initializing ExecutorService 'taskExecutor'
2021-11-24 13:02:07,138  INFO (WelcomePageHandlerMapping.java:58) - Adding welcome page template: index
2021-11-24 13:02:07,727  INFO (ExecutorConfigurationSupport.java:171) - Initializing ExecutorService 'taskScheduler'
2021-11-24 13:02:07,811  INFO (EndpointLinksResolver.java:58) - Exposing 15 endpoint(s) beneath base path ''
2021-11-24 13:02:07,920  INFO (DirectJDKLog.java:173) - Starting ProtocolHandler ["http-nio-8003"]
2021-11-24 13:02:07,997  INFO (TomcatWebServer.java:204) - Tomcat started on port(s): 8003 (http) with context path '/wednesday'
2021-11-24 13:02:08,853  INFO (DirectJDKLog.java:173) - Initializing Spring DispatcherServlet 'dispatcherServlet'
2021-11-24 13:02:08,853  INFO (FrameworkServlet.java:525) - Initializing Servlet 'dispatcherServlet'
2021-11-24 13:02:08,878  INFO (FrameworkServlet.java:547) - Completed initialization in 25 ms
